<?xml version="1.0" encoding="UTF-8"?>
<!-- Generated by org.testng.reporters.JUnitReportReporter -->
<testsuite hostname="L-INE-H0Z4T93" failures="0" tests="1" name="com.Jenkins.Jenkins.Test1" time="12.714" errors="0" timestamp="2023-09-06T14:15:34 IST" skipped="0">
  <testcase classname="com.Jenkins.Jenkins.Test1" name="f" time="12.714"/>
</testsuite> <!-- com.Jenkins.Jenkins.Test1 -->
