<?xml version="1.0" encoding="UTF-8"?>
<!-- Generated by org.testng.reporters.JUnitReportReporter -->
<testsuite hostname="L-INE-H0Z4T93" failures="0" tests="1" name="com.Jenkins.logs.LogAssertGoogle" time="6.283" errors="0" timestamp="2023-09-11T14:34:18 IST" skipped="0">
  <testcase classname="com.Jenkins.logs.LogAssertGoogle" name="f" time="6.283"/>
</testsuite> <!-- com.Jenkins.logs.LogAssertGoogle -->
