<?xml version="1.0" encoding="UTF-8"?>
<!-- Generated by org.testng.reporters.JUnitReportReporter -->
<testsuite hostname="L-INE-H0Z4T93" failures="0" tests="1" name="Test2" time="1.752" errors="0" timestamp="2023-09-06T12:33:10 IST" skipped="0">
  <testcase classname="Test2" name="f" time="1.752"/>
</testsuite> <!-- Test2 -->
