<?xml version="1.0" encoding="UTF-8"?>
<!-- Generated by org.testng.reporters.JUnitReportReporter -->
<testsuite hostname="L-INE-H0Z4T93" failures="0" tests="3" name="com.Jenkins.Jenkins.ExcelTest" time="33.247" errors="0" timestamp="2023-09-08T14:32:20 IST" skipped="0">
  <testcase classname="com.Jenkins.Jenkins.ExcelTest" name="LoginUsingJXL" time="10.439"/>
  <testcase classname="com.Jenkins.Jenkins.ExcelTest" name="LoginUsingJXL" time="12.090"/>
  <testcase classname="com.Jenkins.Jenkins.ExcelTest" name="LoginUsingJXL" time="10.718"/>
</testsuite> <!-- com.Jenkins.Jenkins.ExcelTest -->
