<?xml version="1.0" encoding="UTF-8"?>
<!-- Generated by org.testng.reporters.JUnitReportReporter -->
<testsuite hostname="L-INE-H0Z4T93" failures="0" tests="5" name="com.Jenkins.Jenkins.ExtentHTML" time="0.012" errors="1" timestamp="2023-09-08T14:12:13 IST" skipped="4">
  <testcase classname="com.Jenkins.Jenkins.ExtentHTML" name="t1" time="0.000">
    <skipped/>
  </testcase> <!-- t1 -->
  <testcase classname="com.Jenkins.Jenkins.ExtentHTML" name="t4" time="0.000">
    <skipped/>
  </testcase> <!-- t4 -->
  <testcase classname="com.Jenkins.Jenkins.ExtentHTML" name="startReport" time="0.012">
    <error message="Unresolved compilation problems: 
	ExtentHtmlReporter cannot be resolved to a type
	The method attachReporter(ExtentObserver...) in the type ExtentReports is not applicable for the arguments (ExtentReporter)
	The method config() is undefined for the type ExtentReporter
	The method config() is undefined for the type ExtentReporter
	The method config() is undefined for the type ExtentReporter
	ChartLocation cannot be resolved to a variable
	The method config() is undefined for the type ExtentReporter
	Syntax error, insert &quot;;&quot; to complete Statement
" type="java.lang.Error">
      <![CDATA[java.lang.Error: Unresolved compilation problems: 
ExtentHtmlReporter cannot be resolved to a type
The method attachReporter(ExtentObserver...) in the type ExtentReports is not applicable for the arguments (ExtentReporter)
The method config() is undefined for the type ExtentReporter
The method config() is undefined for the type ExtentReporter
The method config() is undefined for the type ExtentReporter
ChartLocation cannot be resolved to a variable
The method config() is undefined for the type ExtentReporter
Syntax error, insert ";" to complete Statement

at com.Jenkins.Jenkins.ExtentHTML.startReport(ExtentHTML.java:21)
at java.base/jdk.internal.reflect.NativeMethodAccessorImpl.invoke0(Native Method)
at java.base/jdk.internal.reflect.NativeMethodAccessorImpl.invoke(NativeMethodAccessorImpl.java:77)
at java.base/jdk.internal.reflect.DelegatingMethodAccessorImpl.invoke(DelegatingMethodAccessorImpl.java:43)
at java.base/java.lang.reflect.Method.invoke(Method.java:568)
at org.testng.internal.invokers.MethodInvocationHelper.invokeMethod(MethodInvocationHelper.java:139)
at org.testng.internal.invokers.MethodInvocationHelper.invokeMethodConsideringTimeout(MethodInvocationHelper.java:69)
at org.testng.internal.invokers.ConfigInvoker.invokeConfigurationMethod(ConfigInvoker.java:390)
at org.testng.internal.invokers.ConfigInvoker.invokeConfigurations(ConfigInvoker.java:325)
at org.testng.internal.invokers.TestMethodWorker.invokeBeforeClassMethods(TestMethodWorker.java:180)
at org.testng.internal.invokers.TestMethodWorker.run(TestMethodWorker.java:122)
at java.base/java.util.ArrayList.forEach(ArrayList.java:1511)
at org.testng.TestRunner.privateRun(TestRunner.java:848)
at org.testng.TestRunner.run(TestRunner.java:621)
at org.testng.SuiteRunner.runTest(SuiteRunner.java:443)
at org.testng.SuiteRunner.runSequentially(SuiteRunner.java:437)
at org.testng.SuiteRunner.privateRun(SuiteRunner.java:397)
at org.testng.SuiteRunner.run(SuiteRunner.java:336)
at org.testng.SuiteRunnerWorker.runSuite(SuiteRunnerWorker.java:52)
at org.testng.SuiteRunnerWorker.run(SuiteRunnerWorker.java:95)
at org.testng.TestNG.runSuitesSequentially(TestNG.java:1280)
at org.testng.TestNG.runSuitesLocally(TestNG.java:1200)
at org.testng.TestNG.runSuites(TestNG.java:1114)
at org.testng.TestNG.run(TestNG.java:1082)
at org.testng.remote.AbstractRemoteTestNG.run(AbstractRemoteTestNG.java:115)
at org.testng.remote.RemoteTestNG.initAndRun(RemoteTestNG.java:251)
at org.testng.remote.RemoteTestNG.main(RemoteTestNG.java:77)
]]>
    </error>
  </testcase> <!-- startReport -->
  <testcase classname="com.Jenkins.Jenkins.ExtentHTML" name="t3" time="0.000">
    <skipped/>
  </testcase> <!-- t3 -->
  <testcase classname="com.Jenkins.Jenkins.ExtentHTML" name="t2" time="0.000">
    <skipped/>
  </testcase> <!-- t2 -->
</testsuite> <!-- com.Jenkins.Jenkins.ExtentHTML -->
