<?xml version="1.0" encoding="UTF-8"?>
<!-- Generated by org.testng.reporters.JUnitReportReporter -->
<testsuite hostname="L-INE-H0Z4T93" failures="0" tests="1" name="com.Jenkins.Jenkins.NewTestListener" time="17.257" errors="0" timestamp="2023-09-06T14:34:08 IST" skipped="0">
  <testcase classname="com.Jenkins.Jenkins.NewTestListener" name="f" time="17.257"/>
</testsuite> <!-- com.Jenkins.Jenkins.NewTestListener -->
